4/20/2024 12:39:48 PM	This log contains information about the import schema operation into project 'AdventureWorks' on computer 'ROADWARRIOR' by user 'ErinDempster'.
4/20/2024 12:39:48 PM	Import of database schema has started.
4/20/2024 12:39:58 PM	Gathering database credentials
4/20/2024 12:39:58 PM	Gathering database options
4/20/2024 12:39:58 PM	Gathering generic database scoped configuration option
4/20/2024 12:39:58 PM	Gathering users
4/20/2024 12:39:58 PM	Gathering roles
4/20/2024 12:39:58 PM	Gathering application roles
4/20/2024 12:39:58 PM	Gathering role memberships
4/20/2024 12:39:58 PM	Gathering filegroups
4/20/2024 12:39:58 PM	Gathering full-text catalogs
4/20/2024 12:39:58 PM	Gathering assemblies
4/20/2024 12:39:58 PM	Gathering certificates
4/20/2024 12:39:58 PM	Gathering asymmetric keys
4/20/2024 12:39:58 PM	Gathering symmetric keys
4/20/2024 12:39:58 PM	Gathering encrypted symmetric keys
4/20/2024 12:39:58 PM	Gathering schemas
4/20/2024 12:39:58 PM	Gathering XML schema collections
4/20/2024 12:39:58 PM	Gathering user-defined data types
4/20/2024 12:39:58 PM	Gathering user-defined types
4/20/2024 12:39:58 PM	Gathering table types
4/20/2024 12:39:58 PM	Gathering unique keys for table types
4/20/2024 12:39:58 PM	Gathering primary keys for table types
4/20/2024 12:39:58 PM	Gathering indexes for table types
4/20/2024 12:39:58 PM	Gathering check constraints for table types
4/20/2024 12:39:58 PM	Gathering default constraints for table types
4/20/2024 12:39:58 PM	Gathering partition functions
4/20/2024 12:39:58 PM	Gathering partition schemes
4/20/2024 12:39:58 PM	Gathering functions
4/20/2024 12:39:58 PM	Gathering encrypted functions
4/20/2024 12:39:58 PM	Gathering aggregates
4/20/2024 12:39:58 PM	Gathering procedures
4/20/2024 12:39:58 PM	Gathering encrypted procedures
4/20/2024 12:39:58 PM	Gathering tables
4/20/2024 12:39:58 PM	Gathering primary keys
4/20/2024 12:39:58 PM	Gathering unique constraints
4/20/2024 12:39:58 PM	Gathering foreign keys
4/20/2024 12:39:58 PM	Gathering default constraints
4/20/2024 12:39:58 PM	Gathering check constraints
4/20/2024 12:39:58 PM	Gathering views
4/20/2024 12:39:58 PM	Gathering encrypted views
4/20/2024 12:39:58 PM	Gathering indexes
4/20/2024 12:39:58 PM	Gathering statistics
4/20/2024 12:39:58 PM	Gathering full-text index stoplists
4/20/2024 12:39:58 PM	Gathering search property lists
4/20/2024 12:39:58 PM	Gathering search properties
4/20/2024 12:39:58 PM	Gathering full-text indexes
4/20/2024 12:39:58 PM	Gathering column store indexes
4/20/2024 12:39:58 PM	Gathering spatial indexes
4/20/2024 12:39:58 PM	Gathering XML indexes
4/20/2024 12:39:58 PM	Gathering Selective XML indexes
4/20/2024 12:39:58 PM	Gathering encrypted triggers
4/20/2024 12:39:58 PM	Gathering triggers
4/20/2024 12:39:58 PM	Gathering encrypted and clr ddl triggers
4/20/2024 12:39:58 PM	Gathering ddl triggers
4/20/2024 12:39:58 PM	Creating edge constraints
4/20/2024 12:39:58 PM	Gathering synonyms
4/20/2024 12:39:58 PM	Gathering defaults
4/20/2024 12:39:58 PM	Gathering data constraint uddt bindings
4/20/2024 12:39:58 PM	Gathering rules
4/20/2024 12:39:58 PM	Gathering data constraint uddt bindings
4/20/2024 12:39:58 PM	Gathering message types
4/20/2024 12:39:58 PM	Gathering queues
4/20/2024 12:39:58 PM	Gathering contracts
4/20/2024 12:39:58 PM	Gathering services
4/20/2024 12:39:58 PM	Gathering event notifications
4/20/2024 12:39:58 PM	Gathering remote service bindings
4/20/2024 12:39:58 PM	Gathering broker priorities
4/20/2024 12:39:58 PM	Gathering signatures
4/20/2024 12:39:58 PM	Gathering compression options
4/20/2024 12:39:58 PM	Gathering sequence types
4/20/2024 12:39:58 PM	Gathering security policies
4/20/2024 12:39:58 PM	Gather column encryption keys
4/20/2024 12:39:58 PM	Gathering column master keys
4/20/2024 12:39:58 PM	Gathering external data sources
4/20/2024 12:39:58 PM	Gathering external file formats
4/20/2024 12:39:58 PM	Gathering external tables
4/20/2024 12:39:58 PM	Gathering XML index compression options
4/20/2024 12:39:58 PM	Gathering extended properties
4/20/2024 12:39:59 PM	Gathering assemblies
4/20/2024 12:39:59 PM	Scanning project for duplicate elements
4/20/2024 12:39:59 PM	Finished duplicate element processing
4/20/2024 12:40:06 PM	Finished importing database.
4/20/2024 12:40:06 PM	A summary of the import was saved to the following location: C:\GitHubRepos\sqlsat\Demos\SQLSatATL\AdventureWorks\Import Schema Logs\AdventureWorks_20240420053948.log
4/20/2024 12:40:06 PM	Click Finish to continue...
