5/4/2024 11:52:53 AM	This log contains information about the import schema operation into project 'AdventureWorks' on computer 'ROADWARRIOR' by user 'ErinDempster'.
5/4/2024 11:52:53 AM	Import of database schema has started.
5/4/2024 11:52:53 AM	Gathering database credentials
5/4/2024 11:52:53 AM	Gathering database options
5/4/2024 11:52:53 AM	Gathering generic database scoped configuration option
5/4/2024 11:52:53 AM	Gathering users
5/4/2024 11:52:53 AM	Gathering roles
5/4/2024 11:52:53 AM	Gathering application roles
5/4/2024 11:52:53 AM	Gathering role memberships
5/4/2024 11:52:53 AM	Gathering filegroups
5/4/2024 11:52:54 AM	Gathering full-text catalogs
5/4/2024 11:52:54 AM	Gathering assemblies
5/4/2024 11:52:54 AM	Gathering certificates
5/4/2024 11:52:54 AM	Gathering asymmetric keys
5/4/2024 11:52:54 AM	Gathering symmetric keys
5/4/2024 11:52:54 AM	Gathering encrypted symmetric keys
5/4/2024 11:52:54 AM	Gathering schemas
5/4/2024 11:52:54 AM	Gathering XML schema collections
5/4/2024 11:52:54 AM	Gathering user-defined data types
5/4/2024 11:52:54 AM	Gathering user-defined types
5/4/2024 11:52:54 AM	Gathering table types
5/4/2024 11:52:54 AM	Gathering unique keys for table types
5/4/2024 11:52:54 AM	Gathering primary keys for table types
5/4/2024 11:52:54 AM	Gathering indexes for table types
5/4/2024 11:52:54 AM	Gathering check constraints for table types
5/4/2024 11:52:54 AM	Gathering default constraints for table types
5/4/2024 11:52:54 AM	Gathering partition functions
5/4/2024 11:52:54 AM	Gathering partition schemes
5/4/2024 11:52:54 AM	Gathering functions
5/4/2024 11:52:54 AM	Gathering encrypted functions
5/4/2024 11:52:54 AM	Gathering aggregates
5/4/2024 11:52:54 AM	Gathering procedures
5/4/2024 11:52:54 AM	Gathering encrypted procedures
5/4/2024 11:52:54 AM	Gathering tables
5/4/2024 11:52:54 AM	Gathering primary keys
5/4/2024 11:52:54 AM	Gathering unique constraints
5/4/2024 11:52:54 AM	Gathering foreign keys
5/4/2024 11:52:54 AM	Gathering default constraints
5/4/2024 11:52:54 AM	Gathering check constraints
5/4/2024 11:52:54 AM	Gathering views
5/4/2024 11:52:54 AM	Gathering encrypted views
5/4/2024 11:52:54 AM	Gathering indexes
5/4/2024 11:52:54 AM	Gathering statistics
5/4/2024 11:52:54 AM	Gathering full-text index stoplists
5/4/2024 11:52:54 AM	Gathering search property lists
5/4/2024 11:52:54 AM	Gathering search properties
5/4/2024 11:52:54 AM	Gathering full-text indexes
5/4/2024 11:52:54 AM	Gathering column store indexes
5/4/2024 11:52:54 AM	Gathering spatial indexes
5/4/2024 11:52:54 AM	Gathering XML indexes
5/4/2024 11:52:54 AM	Gathering Selective XML indexes
5/4/2024 11:52:54 AM	Gathering encrypted triggers
5/4/2024 11:52:54 AM	Gathering triggers
5/4/2024 11:52:54 AM	Gathering encrypted and clr ddl triggers
5/4/2024 11:52:54 AM	Gathering ddl triggers
5/4/2024 11:52:54 AM	Creating edge constraints
5/4/2024 11:52:54 AM	Gathering synonyms
5/4/2024 11:52:54 AM	Gathering defaults
5/4/2024 11:52:54 AM	Gathering data constraint uddt bindings
5/4/2024 11:52:54 AM	Gathering rules
5/4/2024 11:52:54 AM	Gathering data constraint uddt bindings
5/4/2024 11:52:54 AM	Gathering message types
5/4/2024 11:52:54 AM	Gathering queues
5/4/2024 11:52:54 AM	Gathering contracts
5/4/2024 11:52:54 AM	Gathering services
5/4/2024 11:52:54 AM	Gathering event notifications
5/4/2024 11:52:54 AM	Gathering remote service bindings
5/4/2024 11:52:54 AM	Gathering broker priorities
5/4/2024 11:52:54 AM	Gathering signatures
5/4/2024 11:52:54 AM	Gathering compression options
5/4/2024 11:52:54 AM	Gathering sequence types
5/4/2024 11:52:54 AM	Gathering security policies
5/4/2024 11:52:54 AM	Gather column encryption keys
5/4/2024 11:52:54 AM	Gathering column master keys
5/4/2024 11:52:54 AM	Gathering external data sources
5/4/2024 11:52:54 AM	Gathering external file formats
5/4/2024 11:52:54 AM	Gathering external tables
5/4/2024 11:52:54 AM	Gathering XML index compression options
5/4/2024 11:52:54 AM	Gathering extended properties
5/4/2024 11:52:54 AM	Gathering assemblies
5/4/2024 11:52:55 AM	Scanning project for duplicate elements
5/4/2024 11:52:55 AM	Finished duplicate element processing
5/4/2024 11:53:05 AM	Finished importing database.
5/4/2024 11:53:05 AM	A summary of the import was saved to the following location: C:\Repos\sqlsat\Demos\SQLSatJAX\AdventureWorks\Import Schema Logs\AdventureWorks_20240504045253.log
5/4/2024 11:53:05 AM	Click Finish to continue...
